<?xml version="1.0" encoding="UTF-8"?>
<!-- Generated by org.testng.reporters.JUnitReportReporter -->
<testsuite hostname="DESKTOP-A54I250" failures="0" tests="1" name="automation.webhook_coforgeSept.AppTest" time="0.004" errors="0" timestamp="2025-09-01T09:45:57 IST" skipped="0">
  <testcase classname="automation.webhook_coforgeSept.AppTest" name="shouldAnswerWithTrue" time="0.004"/>
</testsuite> <!-- automation.webhook_coforgeSept.AppTest -->
